{
  "stats": {
    "suites": 1,
    "tests": 3,
    "passes": 3,
    "pending": 0,
    "failures": 0,
    "start": "2022-02-14T12:45:29.530Z",
    "end": "2022-02-14T12:45:38.851Z",
    "duration": 9321,
    "testsRegistered": 3,
    "passPercent": 100,
    "pendingPercent": 0,
    "other": 0,
    "hasOther": false,
    "skipped": 0,
    "hasSkipped": false
  },
  "results": [
    {
      "uuid": "8047bf8b-4282-4401-98d8-ee8f7f094064",
      "title": "",
      "fullFile": "cypress/integration/homePage.spec.js",
      "file": "cypress/integration/homePage.spec.js",
      "beforeHooks": [],
      "afterHooks": [],
      "tests": [],
      "suites": [
        {
          "uuid": "06801735-3f9e-4ac4-9bd0-941027e3ee5c",
          "title": "Home Page Validation",
          "fullFile": "",
          "file": "",
          "beforeHooks": [],
          "afterHooks": [],
          "tests": [
            {
              "title": "Verify Two Way Binding",
              "fullTitle": "Home Page Validation Verify Two Way Binding",
              "timedOut": null,
              "duration": 5733,
              "state": "passed",
              "speed": "medium",
              "pass": true,
              "fail": false,
              "pending": false,
              "context": null,
              "code": "homepage.getEditBox().type(testData.name);\nhomepage.getGender().select(testData.gender);\nhomepage.getTwoWayDataBinding().should('have.value', testData.name);",
              "err": {},
              "uuid": "7f24cc51-a96b-4785-aad6-004bb7e97b41",
              "parentUUID": "06801735-3f9e-4ac4-9bd0-941027e3ee5c",
              "isHook": false,
              "skipped": false
            },
            {
              "title": "Verify Minimum Length",
              "fullTitle": "Home Page Validation Verify Minimum Length",
              "timedOut": null,
              "duration": 198,
              "state": "passed",
              "speed": "fast",
              "pass": true,
              "fail": false,
              "pending": false,
              "context": null,
              "code": "homepage.getEditBox().clear();\nhomepage.getEditBox().should('have.attr', 'minlength', '2');",
              "err": {},
              "uuid": "be9d5b38-9ec8-408b-b3ab-cc2a00a35f5d",
              "parentUUID": "06801735-3f9e-4ac4-9bd0-941027e3ee5c",
              "isHook": false,
              "skipped": false
            },
            {
              "title": "Verify Entrepreneur (disabled) is disabled",
              "fullTitle": "Home Page Validation Verify Entrepreneur (disabled) is disabled",
              "timedOut": null,
              "duration": 34,
              "state": "passed",
              "speed": "fast",
              "pass": true,
              "fail": false,
              "pending": false,
              "context": null,
              "code": "homepage.getEntrepreneur().should('be.disabled');",
              "err": {},
              "uuid": "5a0ce363-ad7f-4bc2-a2fa-0594a5edf632",
              "parentUUID": "06801735-3f9e-4ac4-9bd0-941027e3ee5c",
              "isHook": false,
              "skipped": false
            }
          ],
          "suites": [],
          "passes": [
            "7f24cc51-a96b-4785-aad6-004bb7e97b41",
            "be9d5b38-9ec8-408b-b3ab-cc2a00a35f5d",
            "5a0ce363-ad7f-4bc2-a2fa-0594a5edf632"
          ],
          "failures": [],
          "pending": [],
          "skipped": [],
          "duration": 5965,
          "root": false,
          "rootEmpty": false,
          "_timeout": 2000
        }
      ],
      "passes": [],
      "failures": [],
      "pending": [],
      "skipped": [],
      "duration": 0,
      "root": true,
      "rootEmpty": true,
      "_timeout": 2000
    }
  ],
  "meta": {
    "mocha": {
      "version": "7.0.1"
    },
    "mochawesome": {
      "options": {
        "quiet": false,
        "reportFilename": "mochawesome",
        "saveHtml": false,
        "saveJson": true,
        "consoleReporter": "spec",
        "useInlineDiffs": false,
        "code": true
      },
      "version": "7.0.1"
    },
    "marge": {
      "options": {
        "id": "default",
        "reportDir": "cypress/reports/mocha",
        "quite": true,
        "overwrite": false,
        "html": false,
        "json": true
      },
      "version": "6.0.1"
    }
  }
}