{
  "stats": {
    "suites": 1,
    "tests": 3,
    "passes": 2,
    "pending": 0,
    "failures": 1,
    "start": "2022-02-14T12:45:42.278Z",
    "end": "2022-02-14T12:45:56.006Z",
    "duration": 13728,
    "testsRegistered": 3,
    "passPercent": 66.66666666666666,
    "pendingPercent": 0,
    "other": 0,
    "hasOther": false,
    "skipped": 0,
    "hasSkipped": false
  },
  "results": [
    {
      "uuid": "82d5695e-6638-4217-9ad3-50327c45ed61",
      "title": "",
      "fullFile": "cypress/integration/interceptAPIRequest.spec.js",
      "file": "cypress/integration/interceptAPIRequest.spec.js",
      "beforeHooks": [],
      "afterHooks": [],
      "tests": [],
      "suites": [
        {
          "uuid": "b661f475-ce74-41dc-9a2e-d7b9452f8e4d",
          "title": "API Intercept and Mocking Suite",
          "fullFile": "",
          "file": "",
          "beforeHooks": [],
          "afterHooks": [],
          "tests": [
            {
              "title": "Verify Only One Book Message",
              "fullTitle": "API Intercept and Mocking Suite Verify Only One Book Message",
              "timedOut": null,
              "duration": 5699,
              "state": "passed",
              "speed": "medium",
              "pass": true,
              "fail": false,
              "pending": false,
              "context": null,
              "code": "cy.visit(baseURL + '/angularAppdemo/');\ncy.intercept({\n  method: 'GET',\n  url: baseURL + '/Library/GetBook.php?AuthorName=shetty'\n}, {\n  statusCode: 200,\n  body: [{\n    \"book_name\": \"RestAssured with Java\",\n    \"isbn\": \"RSU\",\n    \"aisle\": \"2301\"\n  }]\n}).as('bookRetrievals');\ncy.get(\"button.btn.btn-primary\").click();\ncy.wait('@bookRetrievals');\ncy.get('p').should('have.text', 'Oops only 1 Book available');",
              "err": {},
              "uuid": "1800ebe7-92cd-4895-9110-481a3d341011",
              "parentUUID": "b661f475-ce74-41dc-9a2e-d7b9452f8e4d",
              "isHook": false,
              "skipped": false
            },
            {
              "title": "Data Validation between API and Front End",
              "fullTitle": "API Intercept and Mocking Suite Data Validation between API and Front End",
              "timedOut": null,
              "duration": 1383,
              "state": "passed",
              "speed": "fast",
              "pass": true,
              "fail": false,
              "pending": false,
              "context": null,
              "code": "cy.visit(baseURL + '/angularAppdemo/');\ncy.intercept({\n  method: 'GET',\n  url: baseURL + '/Library/GetBook.php?AuthorName=shetty'\n}, {\n  statusCode: 200,\n  body: [{\n    \"book_name\": \"RestAssured with Java\",\n    \"isbn\": \"RSU\",\n    \"aisle\": \"2301\"\n  }, {\n    \"book_name\": \"RestAssured with Java\",\n    \"isbn\": \"BSG\",\n    \"aisle\": \"2302\"\n  }, {\n    \"book_name\": \"RestAssured with Java\",\n    \"isbn\": \"LSA\",\n    \"aisle\": \"2303\"\n  }, {\n    \"book_name\": \"RestAssured with Java\",\n    \"isbn\": \"DSR\",\n    \"aisle\": \"2304\"\n  }, {\n    \"book_name\": \"RestAssured with Java\",\n    \"isbn\": \"RCD\",\n    \"aisle\": \"2305\"\n  }, {\n    \"book_name\": \"RestAssured with Java\",\n    \"isbn\": \"TSD\",\n    \"aisle\": \"2307\"\n  }, {\n    \"book_name\": \"RestAssured with Java\",\n    \"isbn\": \"TSD\",\n    \"aisle\": \"211\"\n  }]\n}).as('bookRetrievals');\ncy.get(\"button.btn.btn-primary\").click();\ncy.wait('@bookRetrievals').should(({\n  request,\n  response\n}) => {\n  cy.get('tbody > tr').should('have.length', response.body.length);\n});",
              "err": {},
              "uuid": "172eac49-2684-4c7f-8539-5da70ab8413d",
              "parentUUID": "b661f475-ce74-41dc-9a2e-d7b9452f8e4d",
              "isHook": false,
              "skipped": false
            },
            {
              "title": "Verify Security Scenario by Mocking Request",
              "fullTitle": "API Intercept and Mocking Suite Verify Security Scenario by Mocking Request",
              "timedOut": null,
              "duration": 1662,
              "state": "failed",
              "speed": null,
              "pass": false,
              "fail": true,
              "pending": false,
              "context": "\"screenshots/interceptAPIRequest.spec.js/API Intercept and Mocking Suite -- Verify Security Scenario by Mocking Request (failed).png\"",
              "code": "cy.visit(baseURL + '/angularAppdemo/');\ncy.intercept('GET', baseURL + '/Library/GetBook.php?AuthorName=shetty', req => {\n  req.url = baseURL + '/Library/GetBook.php?AuthorName=malhotra';\n  req.continue(res => {\n    expect(res.statusCode).to.equal(403);\n  });\n}).as('dummyURL');\ncy.get(\"button.btn.btn-primary\").click();\ncy.wait('@dummyURL');",
              "err": {
                "message": "AssertionError: expected 200 to equal 403",
                "estack": "AssertionError: expected 200 to equal 403\n    at eval (https://rahulshettyacademy.com/__cypress/tests?p=cypress\\integration\\interceptAPIRequest.spec.js:173:35)",
                "diff": "- 200\n+ 403\n"
              },
              "uuid": "14efc076-244c-4290-8948-a93f071945cc",
              "parentUUID": "b661f475-ce74-41dc-9a2e-d7b9452f8e4d",
              "isHook": false,
              "skipped": false
            }
          ],
          "suites": [],
          "passes": [
            "1800ebe7-92cd-4895-9110-481a3d341011",
            "172eac49-2684-4c7f-8539-5da70ab8413d"
          ],
          "failures": [
            "14efc076-244c-4290-8948-a93f071945cc"
          ],
          "pending": [],
          "skipped": [],
          "duration": 8744,
          "root": false,
          "rootEmpty": false,
          "_timeout": 2000
        }
      ],
      "passes": [],
      "failures": [],
      "pending": [],
      "skipped": [],
      "duration": 0,
      "root": true,
      "rootEmpty": true,
      "_timeout": 2000
    }
  ],
  "meta": {
    "mocha": {
      "version": "7.0.1"
    },
    "mochawesome": {
      "options": {
        "quiet": false,
        "reportFilename": "mochawesome",
        "saveHtml": false,
        "saveJson": true,
        "consoleReporter": "spec",
        "useInlineDiffs": false,
        "code": true
      },
      "version": "7.0.1"
    },
    "marge": {
      "options": {
        "id": "default",
        "reportDir": "cypress/reports/mocha",
        "quite": true,
        "overwrite": false,
        "html": false,
        "json": true
      },
      "version": "6.0.1"
    }
  }
}