{
  "stats": {
    "suites": 1,
    "tests": 1,
    "passes": 1,
    "pending": 0,
    "failures": 0,
    "start": "2022-02-14T12:46:28.690Z",
    "end": "2022-02-14T12:46:30.003Z",
    "duration": 1313,
    "testsRegistered": 1,
    "passPercent": 100,
    "pendingPercent": 0,
    "other": 0,
    "hasOther": false,
    "skipped": 0,
    "hasSkipped": false
  },
  "results": [
    {
      "uuid": "586c0ad0-b1ee-4426-9f8f-3928bfb72bd6",
      "title": "",
      "fullFile": "cypress/integration/userApiTest.spec.js",
      "file": "cypress/integration/userApiTest.spec.js",
      "beforeHooks": [],
      "afterHooks": [],
      "tests": [],
      "suites": [
        {
          "uuid": "84253d7c-7c5e-46b3-a5c2-7ed200f047b4",
          "title": "Reqres API Test Suite",
          "fullFile": "",
          "file": "",
          "beforeHooks": [],
          "afterHooks": [],
          "tests": [
            {
              "title": "Verify Create User API",
              "fullTitle": "Reqres API Test Suite Verify Create User API",
              "timedOut": null,
              "duration": 1278,
              "state": "passed",
              "speed": "fast",
              "pass": true,
              "fail": false,
              "pending": false,
              "context": null,
              "code": "const apiEndPoint = baseURL + '/api/users';\nconst payload = {\n  \"name\": \"morpheus\",\n  \"job\": \"leader\"\n};\ncy.request('POST', apiEndPoint, payload).then(function (response) {\n  expect(response.status).to.equal(201);\n  expect(response.body).to.have.property('name', 'morpheus');\n  expect(response.body).to.not.be.oneOf([null, \"\"]);\n  expect(response.body).to.have.property('createdAt').to.not.be.oneOf([null, \"\"]);\n  expect(response.body).to.have.property('job', 'leader');\n});",
              "err": {},
              "uuid": "f86508c3-3749-40ea-bc79-e6ea27450e33",
              "parentUUID": "84253d7c-7c5e-46b3-a5c2-7ed200f047b4",
              "isHook": false,
              "skipped": false
            }
          ],
          "suites": [],
          "passes": [
            "f86508c3-3749-40ea-bc79-e6ea27450e33"
          ],
          "failures": [],
          "pending": [],
          "skipped": [],
          "duration": 1278,
          "root": false,
          "rootEmpty": false,
          "_timeout": 2000
        }
      ],
      "passes": [],
      "failures": [],
      "pending": [],
      "skipped": [],
      "duration": 0,
      "root": true,
      "rootEmpty": true,
      "_timeout": 2000
    }
  ],
  "meta": {
    "mocha": {
      "version": "7.0.1"
    },
    "mochawesome": {
      "options": {
        "quiet": false,
        "reportFilename": "mochawesome",
        "saveHtml": false,
        "saveJson": true,
        "consoleReporter": "spec",
        "useInlineDiffs": false,
        "code": true
      },
      "version": "7.0.1"
    },
    "marge": {
      "options": {
        "id": "default",
        "reportDir": "cypress/reports/mocha",
        "quite": true,
        "overwrite": false,
        "html": false,
        "json": true
      },
      "version": "6.0.1"
    }
  }
}