{
  "stats": {
    "suites": 1,
    "tests": 2,
    "passes": 2,
    "pending": 0,
    "failures": 0,
    "start": "2022-02-14T12:46:00.413Z",
    "end": "2022-02-14T12:46:23.982Z",
    "duration": 23569,
    "testsRegistered": 2,
    "passPercent": 100,
    "pendingPercent": 0,
    "other": 0,
    "hasOther": false,
    "skipped": 0,
    "hasSkipped": false
  },
  "results": [
    {
      "uuid": "0abd0415-8be6-4f13-aaff-a746f614288e",
      "title": "",
      "fullFile": "cypress/integration/shoppingCart.spec.js",
      "file": "cypress/integration/shoppingCart.spec.js",
      "beforeHooks": [],
      "afterHooks": [],
      "tests": [],
      "suites": [
        {
          "uuid": "1ae8358a-bdb5-4d80-be3e-6fa090dcf162",
          "title": "Shopping Cart Validation Suite",
          "fullFile": "",
          "file": "",
          "beforeHooks": [],
          "afterHooks": [],
          "tests": [
            {
              "title": "Verify Product Selection",
              "fullTitle": "Shopping Cart Validation Suite Verify Product Selection",
              "timedOut": null,
              "duration": 13317,
              "state": "passed",
              "speed": "slow",
              "pass": true,
              "fail": false,
              "pending": false,
              "context": null,
              "code": "homepage.getShopTab().click();\nif (Array.isArray(testData.product)) {\n  testData.product.forEach(function (prodName) {\n    cy.selectProduct(prodName);\n  });\n} else {\n  cy.selectProduct(testData.product);\n}",
              "err": {},
              "uuid": "ca1fe4a6-a6f8-411e-91ac-e41ab77da5ef",
              "parentUUID": "1ae8358a-bdb5-4d80-be3e-6fa090dcf162",
              "isHook": false,
              "skipped": false
            },
            {
              "title": "Verify Checkout Functionality",
              "fullTitle": "Shopping Cart Validation Suite Verify Checkout Functionality",
              "timedOut": null,
              "duration": 5862,
              "state": "passed",
              "speed": "medium",
              "pass": true,
              "fail": false,
              "pending": false,
              "context": null,
              "code": "productpage.getCheckOut().click();\nproductpage.getProducts().should('have.length', 2);\nproductpage.getTotaleachrow().each(($el, index, $list) => {\n  const actualText = $el.text();\n  var res = actualText.split(\" \");\n  res = res[1].trim();\n  finalTotal = Number(finalTotal) + Number(res);\n}).then(function () {\n  cy.log(finalTotal);\n});\nproductpage.getTotal().then(function ($el) {\n  const actualTotalText = $el.text();\n  var actualTotal = actualTotalText.split(\" \");\n  actualTotal = actualTotal[1].trim();\n  expect(actualTotal).to.equal(String(finalTotal));\n});\nproductpage.getCheckoutFinal().click();\nproductpage.getCountry().type(testData.country);\nproductpage.getCountrySuggestion().each(($el, index, $list) => {\n  if ($el.text().includes(testData.country)) {\n    //wrap resolves the promise\n    cy.wrap($el).click();\n  }\n});\nproductpage.getCountry().should('have.value', testData.country);\nproductpage.getCheckBoxTerms().check({\n  force: true\n}).should('be.checked');\nproductpage.getPurchase().click();\nproductpage.getSuccessAlert().should('contain', 'Success! Thank you! Your order will be delivered in next few weeks :-).');",
              "err": {},
              "uuid": "d7a4544d-2e21-428d-8e20-230a19374089",
              "parentUUID": "1ae8358a-bdb5-4d80-be3e-6fa090dcf162",
              "isHook": false,
              "skipped": false
            }
          ],
          "suites": [],
          "passes": [
            "ca1fe4a6-a6f8-411e-91ac-e41ab77da5ef",
            "d7a4544d-2e21-428d-8e20-230a19374089"
          ],
          "failures": [],
          "pending": [],
          "skipped": [],
          "duration": 19179,
          "root": false,
          "rootEmpty": false,
          "_timeout": 2000
        }
      ],
      "passes": [],
      "failures": [],
      "pending": [],
      "skipped": [],
      "duration": 0,
      "root": true,
      "rootEmpty": true,
      "_timeout": 2000
    }
  ],
  "meta": {
    "mocha": {
      "version": "7.0.1"
    },
    "mochawesome": {
      "options": {
        "quiet": false,
        "reportFilename": "mochawesome",
        "saveHtml": false,
        "saveJson": true,
        "consoleReporter": "spec",
        "useInlineDiffs": false,
        "code": true
      },
      "version": "7.0.1"
    },
    "marge": {
      "options": {
        "id": "default",
        "reportDir": "cypress/reports/mocha",
        "quite": true,
        "overwrite": false,
        "html": false,
        "json": true
      },
      "version": "6.0.1"
    }
  }
}